<?xml version="1.0" encoding="UTF-8"?>
<!-- Generated by org.testng.reporters.JUnitReportReporter -->
<testsuite skipped="0" hostname="DESKTOP-JE9UQHN" name="TestCases.OCLMS_5893" tests="1" failures="0" timestamp="26 Nov 2019 16:35:04 GMT" time="8.916" errors="0">
  <testcase name="MoodleBadPwd" time="8.916" classname="TestCases.OCLMS_5893"/>
</testsuite> <!-- TestCases.OCLMS_5893 -->
