<?xml version="1.0" encoding="UTF-8"?>
<!-- Generated by org.testng.reporters.JUnitReportReporter -->
<testsuite skipped="0" hostname="DESKTOP-JE9UQHN" name="TestCases.OCLMS_3456" tests="1" failures="0" timestamp="25 Nov 2019 14:07:30 GMT" time="8.210" errors="0">
  <testcase name="testHomePage" time="8.210" classname="TestCases.OCLMS_3456"/>
</testsuite> <!-- TestCases.OCLMS_3456 -->
