<?xml version="1.0" encoding="UTF-8"?>
<!-- Generated by org.testng.reporters.JUnitReportReporter -->
<testsuite skipped="0" hostname="DESKTOP-JE9UQHN" name="TestCases.OCLMS_3791" tests="1" failures="0" timestamp="25 Nov 2019 18:36:47 GMT" time="32.861" errors="0">
  <testcase name="AcceptTC" time="32.861" classname="TestCases.OCLMS_3791"/>
</testsuite> <!-- TestCases.OCLMS_3791 -->
