<?xml version="1.0" encoding="UTF-8"?>
<!-- Generated by org.testng.reporters.JUnitReportReporter -->
<testsuite skipped="0" hostname="DESKTOP-JE9UQHN" name="TestCases.OCLMS_3455" tests="1" failures="0" timestamp="25 Nov 2019 17:29:47 GMT" time="13.476" errors="0">
  <testcase name="VerifyInvalidEmail" time="13.476" classname="TestCases.OCLMS_3455"/>
</testsuite> <!-- TestCases.OCLMS_3455 -->
