<?xml version="1.0" encoding="UTF-8"?>
<!-- Generated by org.testng.reporters.JUnitReportReporter -->
<testsuite skipped="0" hostname="DESKTOP-JE9UQHN" name="TestCases.OCLMS_5989" tests="1" failures="0" timestamp="18 Dec 2019 18:19:53 GMT" time="19.571" errors="0">
  <testcase name="VerifyPrivacyPolicy" time="19.571" classname="TestCases.OCLMS_5989"/>
</testsuite> <!-- TestCases.OCLMS_5989 -->
